[{"line":1,"elements":[{"start_timestamp":"2022-12-12T00:09:13.091Z","line":4,"name":"Successfull Registration","description":"","id":"oscarshop-registration;successfull-registration","type":"scenario","keyword":"Scenario","steps":[{"result":{"duration":4566155300,"status":"passed"},"line":5,"name":"Navigate to Home Page","match":{"location":"com.oscarShop.steps.HomePageSteps.<init>(HomePageSteps.java:15)"},"keyword":"Given "},{"result":{"duration":664564600,"status":"passed"},"line":6,"name":"Click on Login or register button","match":{"location":"com.oscarShop.steps.HomePageSteps.<init>(HomePageSteps.java:20)"},"keyword":"When "},{"result":{"duration":105934300,"status":"passed"},"line":7,"name":"Login or register page displayed","match":{"location":"com.oscarShop.steps.LoginAndRegistrationPageSteps.<init>(LoginAndRegistrationPageSteps.java:15)"},"keyword":"Then "},{"result":{"duration":642165200,"status":"passed"},"line":9,"name":"Enter the valid credentials and confirm password","match":{"location":"com.oscarShop.steps.LoginAndRegistrationPageSteps.<init>(LoginAndRegistrationPageSteps.java:20)"},"keyword":"When "},{"result":{"duration":4985409900,"status":"passed"},"line":10,"name":"Click Register button","match":{"location":"com.oscarShop.steps.LoginAndRegistrationPageSteps.<init>(LoginAndRegistrationPageSteps.java:24)"},"keyword":"And "},{"result":{"duration":63137700,"status":"passed"},"line":11,"name":"Logout button displayed","match":{"location":"com.oscarShop.steps.HomePageSteps.<init>(HomePageSteps.java:24)"},"keyword":"Then "},{"result":{"duration":506802200,"status":"passed"},"line":13,"name":"Click on Logout button","match":{"location":"com.oscarShop.steps.HomePageSteps.<init>(HomePageSteps.java:28)"},"keyword":"When "},{"result":{"duration":48999700,"status":"passed"},"line":14,"name":"Login or register button displayed","match":{"location":"com.oscarShop.steps.HomePageSteps.<init>(HomePageSteps.java:32)"},"keyword":"Then "},{"result":{"duration":368125000,"status":"passed"},"line":16,"name":"Click on Login or register button","match":{"location":"com.oscarShop.steps.HomePageSteps.<init>(HomePageSteps.java:20)"},"keyword":"When "},{"result":{"duration":67957700,"status":"passed"},"line":17,"name":"Login or register page displayed","match":{"location":"com.oscarShop.steps.LoginAndRegistrationPageSteps.<init>(LoginAndRegistrationPageSteps.java:15)"},"keyword":"Then "},{"result":{"duration":401783100,"status":"passed"},"line":19,"name":"Enter the valid login credentials","match":{"location":"com.oscarShop.steps.LoginAndRegistrationPageSteps.<init>(LoginAndRegistrationPageSteps.java:28)"},"keyword":"When "},{"result":{"duration":3267386400,"status":"passed"},"line":20,"name":"Click Log in button","match":{"location":"com.oscarShop.steps.LoginAndRegistrationPageSteps.<init>(LoginAndRegistrationPageSteps.java:32)"},"keyword":"And "},{"result":{"duration":53988400,"status":"passed"},"line":21,"name":"Logout button displayed","match":{"location":"com.oscarShop.steps.HomePageSteps.<init>(HomePageSteps.java:24)"},"keyword":"Then "},{"result":{"error_message":"Element not found {By.xpath: //a[contains(text(),'All products')]}\r\nExpected: visible or transparent: visible or have css value opacity=0\r\nScreenshot: file:/C:/Users/Admin/Telran/QualityAssuaranceProjects/OscarShopProject/build/reports/tests/1670803773042.0.png\r\nPage source: file:/C:/Users/Admin/Telran/QualityAssuaranceProjects/OscarShopProject/build/reports/tests/1670803773042.0.html\r\nTimeout: 4 s.\r\nCaused by: NoSuchElementException: no such element: Unable to locate element: {\"method\":\"xpath\",\"selector\":\"//a[contains(text(),'All products')]\"}\r\n\tat com.codeborne.selenide.impl.WebElementSource.createElementNotFoundError(WebElementSource.java:83)\r\n\tat com.codeborne.selenide.impl.ElementFinder.createElementNotFoundError(ElementFinder.java:122)\r\n\tat com.codeborne.selenide.impl.WebElementSource.checkCondition(WebElementSource.java:114)\r\n\tat com.codeborne.selenide.impl.WebElementSource.findAndAssertElementIsInteractable(WebElementSource.java:139)\r\n\tat com.codeborne.selenide.commands.Click.execute(Click.java:24)\r\n\tat com.codeborne.selenide.commands.Click.execute(Click.java:16)\r\n\tat com.codeborne.selenide.commands.Commands.execute(Commands.java:157)\r\n\tat com.codeborne.selenide.impl.SelenideElementProxy.dispatchAndRetry(SelenideElementProxy.java:134)\r\n\tat com.codeborne.selenide.impl.SelenideElementProxy.invoke(SelenideElementProxy.java:86)\r\n\tat com.sun.proxy.$Proxy10.click(Unknown Source)\r\n\tat com.oscarShop.pages.HomePage.clickOnAllProductsLink(HomePage.java:34)\r\n\tat com.oscarShop.steps.HomePageSteps.lambda$new$5(HomePageSteps.java:37)\r\n\tat âœ½.Click on All products link(file:///C:/Users/Admin/Telran/QualityAssuaranceProjects/OscarShopProject/src/test/resources/features/smoke.feature:23)\r\nCaused by: org.openqa.selenium.NoSuchElementException: no such element: Unable to locate element: {\"method\":\"xpath\",\"selector\":\"//a[contains(text(),'All products')]\"}\n  (Session info: chrome=108.0.5359.99)\nFor documentation on this error, please visit: https://www.seleniumhq.org/exceptions/no_such_element.html\nBuild info: version: '3.141.59', revision: 'e82be7d358', time: '2018-11-14T08:17:03'\nSystem info: host: 'DESKTOP-62VSDD3', ip: '192.168.0.181', os.name: 'Windows 10', os.arch: 'amd64', os.version: '10.0', java.version: '11.0.15.1'\nDriver info: org.openqa.selenium.chrome.ChromeDriver\nCapabilities {acceptInsecureCerts: true, browserName: chrome, browserVersion: 108.0.5359.99, chrome: {chromedriverVersion: 108.0.5359.71 (1e0e3868ee06..., userDataDir: C:\\Users\\Admin\\AppData\\Loca...}, goog:chromeOptions: {debuggerAddress: localhost:53146}, javascriptEnabled: true, networkConnectionEnabled: false, pageLoadStrategy: normal, platform: WINDOWS, platformName: WINDOWS, proxy: Proxy(), setWindowRect: true, strictFileInteractability: false, timeouts: {implicit: 0, pageLoad: 300000, script: 30000}, unhandledPromptBehavior: dismiss and notify, webauthn:extension:credBlob: true, webauthn:extension:largeBlob: true, webauthn:virtualAuthenticators: true}\nSession ID: a9561a02fb6bfc8310ba371a8042c0af\n*** Element info: {Using=xpath, value=//a[contains(text(),'All products')]}\r\n\tat jdk.internal.reflect.GeneratedConstructorAccessor8.newInstance(Unknown Source)\r\n\tat java.base/jdk.internal.reflect.DelegatingConstructorAccessorImpl.newInstance(DelegatingConstructorAccessorImpl.java:45)\r\n\tat java.base/java.lang.reflect.Constructor.newInstance(Constructor.java:490)\r\n\tat org.openqa.selenium.remote.http.W3CHttpResponseCodec.createException(W3CHttpResponseCodec.java:187)\r\n\tat org.openqa.selenium.remote.http.W3CHttpResponseCodec.decode(W3CHttpResponseCodec.java:122)\r\n\tat org.openqa.selenium.remote.http.W3CHttpResponseCodec.decode(W3CHttpResponseCodec.java:49)\r\n\tat org.openqa.selenium.remote.HttpCommandExecutor.execute(HttpCommandExecutor.java:158)\r\n\tat org.openqa.selenium.remote.service.DriverCommandExecutor.execute(DriverCommandExecutor.java:83)\r\n\tat org.openqa.selenium.remote.RemoteWebDriver.execute(RemoteWebDriver.java:552)\r\n\tat org.openqa.selenium.remote.RemoteWebDriver.findElement(RemoteWebDriver.java:323)\r\n\tat org.openqa.selenium.remote.RemoteWebDriver.findElementByXPath(RemoteWebDriver.java:428)\r\n\tat org.openqa.selenium.By$ByXPath.findElement(By.java:353)\r\n\tat org.openqa.selenium.remote.RemoteWebDriver.findElement(RemoteWebDriver.java:315)\r\n\tat com.codeborne.selenide.impl.WebElementSelector.findElement(WebElementSelector.java:70)\r\n\tat com.codeborne.selenide.impl.WebElementSelector.findElement(WebElementSelector.java:44)\r\n\tat com.codeborne.selenide.impl.WebElementSelector.findElement(WebElementSelector.java:33)\r\n\tat com.codeborne.selenide.impl.ElementFinder.getWebElement(ElementFinder.java:102)\r\n\tat com.codeborne.selenide.impl.WebElementSource.checkCondition(WebElementSource.java:99)\r\n\tat com.codeborne.selenide.impl.WebElementSource.findAndAssertElementIsInteractable(WebElementSource.java:139)\r\n\tat com.codeborne.selenide.commands.Click.execute(Click.java:24)\r\n\tat com.codeborne.selenide.commands.Click.execute(Click.java:16)\r\n\tat com.codeborne.selenide.commands.Commands.execute(Commands.java:157)\r\n\tat com.codeborne.selenide.impl.SelenideElementProxy.dispatchAndRetry(SelenideElementProxy.java:134)\r\n\tat com.codeborne.selenide.impl.SelenideElementProxy.invoke(SelenideElementProxy.java:86)\r\n\tat com.sun.proxy.$Proxy10.click(Unknown Source)\r\n\tat com.oscarShop.pages.HomePage.clickOnAllProductsLink(HomePage.java:34)\r\n\tat com.oscarShop.steps.HomePageSteps.lambda$new$5(HomePageSteps.java:37)\r\n\tat java.base/jdk.internal.reflect.NativeMethodAccessorImpl.invoke0(Native Method)\r\n\tat java.base/jdk.internal.reflect.NativeMethodAccessorImpl.invoke(NativeMethodAccessorImpl.java:62)\r\n\tat java.base/jdk.internal.reflect.DelegatingMethodAccessorImpl.invoke(DelegatingMethodAccessorImpl.java:43)\r\n\tat java.base/java.lang.reflect.Method.invoke(Method.java:566)\r\n\tat io.cucumber.java8.Invoker.invoke(Invoker.java:20)\r\n\tat io.cucumber.java8.AbstractGlueDefinition.invokeMethod(AbstractGlueDefinition.java:48)\r\n\tat io.cucumber.java8.Java8StepDefinition.execute(Java8StepDefinition.java:45)\r\n\tat io.cucumber.core.runner.CoreStepDefinition.execute(CoreStepDefinition.java:66)\r\n\tat io.cucumber.core.runner.PickleStepDefinitionMatch.runStep(PickleStepDefinitionMatch.java:63)\r\n\tat io.cucumber.core.runner.ExecutionMode$1.execute(ExecutionMode.java:10)\r\n\tat io.cucumber.core.runner.TestStep.executeStep(TestStep.java:85)\r\n\tat io.cucumber.core.runner.TestStep.run(TestStep.java:57)\r\n\tat io.cucumber.core.runner.PickleStepTestStep.run(PickleStepTestStep.java:51)\r\n\tat io.cucumber.core.runner.TestCase.run(TestCase.java:84)\r\n\tat io.cucumber.core.runner.Runner.runPickle(Runner.java:75)\r\n\tat io.cucumber.junit.PickleRunners$NoStepDescriptions.lambda$run$0(PickleRunners.java:151)\r\n\tat io.cucumber.core.runtime.CucumberExecutionContext.lambda$runTestCase$5(CucumberExecutionContext.java:129)\r\n\tat io.cucumber.core.runtime.RethrowingThrowableCollector.executeAndThrow(RethrowingThrowableCollector.java:23)\r\n\tat io.cucumber.core.runtime.CucumberExecutionContext.runTestCase(CucumberExecutionContext.java:129)\r\n\tat io.cucumber.junit.PickleRunners$NoStepDescriptions.run(PickleRunners.java:148)\r\n\tat io.cucumber.junit.FeatureRunner.runChild(FeatureRunner.java:144)\r\n\tat io.cucumber.junit.FeatureRunner.runChild(FeatureRunner.java:28)\r\n\tat org.junit.runners.ParentRunner$4.run(ParentRunner.java:331)\r\n\tat org.junit.runners.ParentRunner$1.schedule(ParentRunner.java:79)\r\n\tat org.junit.runners.ParentRunner.runChildren(ParentRunner.java:329)\r\n\tat org.junit.runners.ParentRunner.access$100(ParentRunner.java:66)\r\n\tat org.junit.runners.ParentRunner$2.evaluate(ParentRunner.java:293)\r\n\tat org.junit.runners.ParentRunner$3.evaluate(ParentRunner.java:306)\r\n\tat org.junit.runners.ParentRunner.run(ParentRunner.java:413)\r\n\tat io.cucumber.junit.FeatureRunner.run(FeatureRunner.java:137)\r\n\tat io.cucumber.junit.Cucumber.runChild(Cucumber.java:196)\r\n\tat io.cucumber.junit.Cucumber.runChild(Cucumber.java:89)\r\n\tat org.junit.runners.ParentRunner$4.run(ParentRunner.java:331)\r\n\tat org.junit.runners.ParentRunner$1.schedule(ParentRunner.java:79)\r\n\tat org.junit.runners.ParentRunner.runChildren(ParentRunner.java:329)\r\n\tat org.junit.runners.ParentRunner.access$100(ParentRunner.java:66)\r\n\tat org.junit.runners.ParentRunner$2.evaluate(ParentRunner.java:293)\r\n\tat io.cucumber.junit.Cucumber$RunBeforeAllHooks.evaluate(Cucumber.java:266)\r\n\tat io.cucumber.junit.Cucumber$RunAfterAllHooks.evaluate(Cucumber.java:281)\r\n\tat io.cucumber.junit.Cucumber$StartTestRun.evaluate(Cucumber.java:233)\r\n\tat io.cucumber.junit.Cucumber$FinishTestRun.evaluate(Cucumber.java:248)\r\n\tat org.junit.runners.ParentRunner$3.evaluate(ParentRunner.java:306)\r\n\tat org.junit.runners.ParentRunner.run(ParentRunner.java:413)\r\n\tat org.junit.runner.JUnitCore.run(JUnitCore.java:137)\r\n\tat com.intellij.junit4.JUnit4IdeaTestRunner.startRunnerWithArgs(JUnit4IdeaTestRunner.java:69)\r\n\tat com.intellij.rt.junit.IdeaTestRunner$Repeater$1.execute(IdeaTestRunner.java:38)\r\n\tat com.intellij.rt.execution.junit.TestsRepeater.repeat(TestsRepeater.java:11)\r\n\tat com.intellij.rt.junit.IdeaTestRunner$Repeater.startRunnerWithArgs(IdeaTestRunner.java:35)\r\n\tat com.intellij.rt.junit.JUnitStarter.prepareStreamsAndStart(JUnitStarter.java:235)\r\n\tat com.intellij.rt.junit.JUnitStarter.main(JUnitStarter.java:54)\r\n","duration":4344901800,"status":"failed"},"line":23,"name":"Click on All products link","match":{"location":"com.oscarShop.steps.HomePageSteps.<init>(HomePageSteps.java:36)"},"keyword":"When "},{"result":{"status":"skipped"},"line":24,"name":"All products page displayed","match":{"location":"com.oscarShop.steps.ProductsPageSteps.<init>(ProductsPageSteps.java:14)"},"keyword":"Then "},{"result":{"status":"skipped"},"line":26,"name":"Click on first item's Add to basket button","match":{"location":"com.oscarShop.steps.ProductsPageSteps.<init>(ProductsPageSteps.java:19)"},"keyword":"When "},{"result":{"status":"skipped"},"line":27,"name":"Click on View basket button","match":{"location":"com.oscarShop.steps.ProductsPageSteps.<init>(ProductsPageSteps.java:23)"},"keyword":"And "},{"result":{"status":"skipped"},"line":28,"name":"Basket page displayed","match":{"location":"com.oscarShop.steps.BasketPageSteps.<init>(BasketPageSteps.java:13)"},"keyword":"Then "},{"result":{"status":"skipped"},"line":30,"name":"Click on Proceed to checkout button","match":{"location":"com.oscarShop.steps.BasketPageSteps.<init>(BasketPageSteps.java:18)"},"keyword":"When "},{"result":{"status":"skipped"},"line":31,"name":"Shipping address page displayed","match":{"location":"com.oscarShop.steps.ShippingAddressPageSteps.<init>(ShippingAddressPageSteps.java:13)"},"keyword":"Then "},{"result":{"status":"skipped"},"line":33,"name":"Enter required fields","match":{"location":"com.oscarShop.steps.ShippingAddressPageSteps.<init>(ShippingAddressPageSteps.java:18)"},"keyword":"When "},{"result":{"status":"skipped"},"line":34,"name":"Click on Continue button","match":{"location":"com.oscarShop.steps.ShippingAddressPageSteps.<init>(ShippingAddressPageSteps.java:22)"},"keyword":"And "},{"result":{"status":"skipped"},"line":35,"name":"Payment page displayed","match":{"location":"com.oscarShop.steps.PaymentPageSteps.<init>(PaymentPageSteps.java:15)"},"keyword":"Then "},{"result":{"status":"skipped"},"line":37,"name":"Click on Continue button1","match":{"location":"com.oscarShop.steps.PaymentPageSteps.<init>(PaymentPageSteps.java:20)"},"keyword":"When "},{"result":{"status":"skipped"},"line":38,"name":"Preview order page displayed","match":{"location":"com.oscarShop.steps.PreviewPageSteps.<init>(PreviewPageSteps.java:14)"},"keyword":"Then "},{"result":{"status":"skipped"},"line":40,"name":"Click on Place order button","match":{"location":"com.oscarShop.steps.PreviewPageSteps.<init>(PreviewPageSteps.java:19)"},"keyword":"When "},{"result":{"status":"skipped"},"line":41,"name":"Confirmation page with the item displayed","match":{"location":"com.oscarShop.steps.ConfirmationPageSteps.<init>(ConfirmationPageSteps.java:13)"},"keyword":"Then "}]}],"name":"OscarShop Registration","description":"  Register in the website to see the user area","id":"oscarshop-registration","keyword":"Feature","uri":"file:src/test/resources/features/smoke.feature","tags":[]}]